[0.011s] Invoking command in '/home/moajouz/ros2_ws/build/tutorial_cpp': CMAKE_PREFIX_PATH=/home/moajouz/ros2_ws/install/interfaces:/home/moajouz/ros2_ws/install/tutorial_cpp:/home/moajouz/ros2_ws/install/tutorial_python:/opt/ros/foxy PYTHONPATH=/home/moajouz/ros2_ws/install/interfaces/lib/python3.8/site-packages:/home/moajouz/ros2_ws/install/tutorial_python/lib/python3.8/site-packages:/opt/ros/foxy/lib/python3.8/site-packages /usr/bin/cmake --build /home/moajouz/ros2_ws/build/tutorial_cpp -- -j12 -l12
[0.029s] -- Found ament_cmake: 0.9.12 (/opt/ros/foxy/share/ament_cmake/cmake)
[0.045s] -- Using PYTHON_EXECUTABLE: /usr/bin/python3
[0.185s] -- Found rclcpp: 2.4.3 (/opt/ros/foxy/share/rclcpp/cmake)
[0.210s] -- Using all available rosidl_typesupport_c: rosidl_typesupport_fastrtps_c;rosidl_typesupport_introspection_c
[0.212s] -- Found rosidl_adapter: 1.3.1 (/opt/ros/foxy/share/rosidl_adapter/cmake)
[0.300s] -- Using all available rosidl_typesupport_cpp: rosidl_typesupport_fastrtps_cpp;rosidl_typesupport_introspection_cpp
[0.339s] -- Found rmw_implementation_cmake: 1.0.4 (/opt/ros/foxy/share/rmw_implementation_cmake/cmake)
[0.340s] -- Using RMW implementation 'rmw_fastrtps_cpp' as default
[0.452s] -- Found interfaces: 0.0.0 (/home/moajouz/ros2_ws/install/interfaces/share/interfaces/cmake)
[0.584s] -- Configuring done
[0.592s] -- Generating done
[0.593s] -- Build files have been written to: /home/moajouz/ros2_ws/build/tutorial_cpp
[0.610s] [35m[1mScanning dependencies of target publisher[0m
[0.623s] [ 50%] Built target node
[0.633s] [ 75%] [32mBuilding CXX object CMakeFiles/publisher.dir/src/publisher.cpp.o[0m
[1.548s] In file included from [01m[K/opt/ros/foxy/include/rclcpp/client.hpp:40[m[K,
[1.549s]                  from [01m[K/opt/ros/foxy/include/rclcpp/callback_group.hpp:23[m[K,
[1.549s]                  from [01m[K/opt/ros/foxy/include/rclcpp/any_executable.hpp:20[m[K,
[1.549s]                  from [01m[K/opt/ros/foxy/include/rclcpp/memory_strategy.hpp:24[m[K,
[1.549s]                  from [01m[K/opt/ros/foxy/include/rclcpp/memory_strategies.hpp:18[m[K,
[1.549s]                  from [01m[K/opt/ros/foxy/include/rclcpp/executor_options.hpp:20[m[K,
[1.549s]                  from [01m[K/opt/ros/foxy/include/rclcpp/executor.hpp:33[m[K,
[1.549s]                  from [01m[K/opt/ros/foxy/include/rclcpp/executors/multi_threaded_executor.hpp:26[m[K,
[1.549s]                  from [01m[K/opt/ros/foxy/include/rclcpp/executors.hpp:21[m[K,
[1.549s]                  from [01m[K/opt/ros/foxy/include/rclcpp/rclcpp.hpp:146[m[K,
[1.549s]                  from [01m[K/home/moajouz/ros2_ws/src/tutorial_cpp/src/publisher.cpp:1[m[K:
[1.549s] [01m[K/home/moajouz/ros2_ws/src/tutorial_cpp/src/publisher.cpp:[m[K In member function â€˜[01m[Kvoid MinimalPublisher::timer_callback()[m[Kâ€™:
[1.549s] [01m[K/home/moajouz/ros2_ws/src/tutorial_cpp/src/publisher.cpp:24:105:[m[K [01;31m[Kerror: [m[Kâ€˜[01m[Kstruct interfaces::msg::Tutorial_<std::allocator<void> >[m[Kâ€™ has no member named â€˜[01m[Ksecond_name[m[Kâ€™
[1.549s]    24 | hing: '%s %s, age: %d'", message.first_name.c_str(), message.[01;31m[Ksecond_name[m[K.c_str(), message.age);
[1.549s]       |                                                              [01;31m[K^~~~~~~~~~~[m[K
[1.549s] 
[2.174s] make[2]: *** [CMakeFiles/publisher.dir/build.make:63: CMakeFiles/publisher.dir/src/publisher.cpp.o] Error 1
[2.174s] make[1]: *** [CMakeFiles/Makefile2:80: CMakeFiles/publisher.dir/all] Error 2
[2.174s] make: *** [Makefile:141: all] Error 2
[2.176s] Invoked command in '/home/moajouz/ros2_ws/build/tutorial_cpp' returned '2': CMAKE_PREFIX_PATH=/home/moajouz/ros2_ws/install/interfaces:/home/moajouz/ros2_ws/install/tutorial_cpp:/home/moajouz/ros2_ws/install/tutorial_python:/opt/ros/foxy PYTHONPATH=/home/moajouz/ros2_ws/install/interfaces/lib/python3.8/site-packages:/home/moajouz/ros2_ws/install/tutorial_python/lib/python3.8/site-packages:/opt/ros/foxy/lib/python3.8/site-packages /usr/bin/cmake --build /home/moajouz/ros2_ws/build/tutorial_cpp -- -j12 -l12
