[0.011s] Invoking command in '/home/moajouz/ros2_ws/build/tutorial_cpp': CMAKE_PREFIX_PATH=/home/moajouz/ros2_ws/install/interfaces:/home/moajouz/ros2_ws/install/tutorial_cpp:/home/moajouz/ros2_ws/install/tutorial_python:/opt/ros/foxy PYTHONPATH=/home/moajouz/ros2_ws/install/interfaces/lib/python3.8/site-packages:/home/moajouz/ros2_ws/install/tutorial_python/lib/python3.8/site-packages:/opt/ros/foxy/lib/python3.8/site-packages /usr/bin/cmake --build /home/moajouz/ros2_ws/build/tutorial_cpp -- -j12 -l12
[0.040s] make[2]: *** No rule to make target '/home/moajouz/ros2_ws/src/tutorial_cpp/src/publisher_member_function.cpp', needed by 'CMakeFiles/talker.dir/src/publisher_member_function.cpp.o'.  Stop.
[0.040s] make[1]: *** [CMakeFiles/Makefile2:80: CMakeFiles/talker.dir/all] Error 2
[0.040s] make[1]: *** Waiting for unfinished jobs....
[0.052s] [ 50%] Built target node
[0.053s] make: *** [Makefile:141: all] Error 2
[0.054s] Invoked command in '/home/moajouz/ros2_ws/build/tutorial_cpp' returned '2': CMAKE_PREFIX_PATH=/home/moajouz/ros2_ws/install/interfaces:/home/moajouz/ros2_ws/install/tutorial_cpp:/home/moajouz/ros2_ws/install/tutorial_python:/opt/ros/foxy PYTHONPATH=/home/moajouz/ros2_ws/install/interfaces/lib/python3.8/site-packages:/home/moajouz/ros2_ws/install/tutorial_python/lib/python3.8/site-packages:/opt/ros/foxy/lib/python3.8/site-packages /usr/bin/cmake --build /home/moajouz/ros2_ws/build/tutorial_cpp -- -j12 -l12
